This file contains any messages produced by compilers while
running configure, to aid debugging if configure makes a mistake.

It was created by recpt1 configure 1.2.0, which was
generated by GNU Autoconf 2.63.  Invocation command line was

  $ ./configure --enable-b25

## --------- ##
## Platform. ##
## --------- ##

hostname = foltia.local
uname -m = x86_64
uname -r = 2.6.32-696.6.3.el6.x86_64
uname -s = Linux
uname -v = #1 SMP Wed Jul 12 14:17:22 UTC 2017

/usr/bin/uname -p = unknown
/bin/uname -X     = unknown

/bin/arch              = x86_64
/usr/bin/arch -k       = unknown
/usr/convex/getsysinfo = unknown
/usr/bin/hostinfo      = unknown
/bin/machine           = unknown
/usr/bin/oslevel       = unknown
/bin/universe          = unknown

PATH: /opt/rh/rh-postgresql95/root/usr/bin
PATH: /opt/rh/devtoolset-3/root/usr/bin
PATH: /opt/rh/rh-postgresql95/root/usr/bin
PATH: /usr/lib64/qt-3.3/bin
PATH: /opt/rh/devtoolset-3/root/usr/bin
PATH: /usr/local/bin
PATH: /bin
PATH: /usr/bin
PATH: /usr/local/sbin
PATH: /usr/sbin
PATH: /sbin
PATH: /home/foltia/bin
PATH: /usr/local/python/bin


## ----------- ##
## Core tests. ##
## ----------- ##

configure:1796: checking for gcc
configure:1812: found /opt/rh/devtoolset-3/root/usr/bin/gcc
configure:1823: result: gcc
configure:2055: checking for C compiler version
configure:2063: gcc --version >&5
gcc (GCC) 4.9.2 20150212 (Red Hat 4.9.2-6)
Copyright (C) 2014 Free Software Foundation, Inc.
This is free software; see the source for copying conditions.  There is NO
warranty; not even for MERCHANTABILITY or FITNESS FOR A PARTICULAR PURPOSE.

configure:2067: $? = 0
configure:2074: gcc -v >&5
Using built-in specs.
COLLECT_GCC=gcc
COLLECT_LTO_WRAPPER=/opt/rh/devtoolset-3/root/usr/libexec/gcc/x86_64-redhat-linux/4.9.2/lto-wrapper
Target: x86_64-redhat-linux
Configured with: ../configure --prefix=/opt/rh/devtoolset-3/root/usr --mandir=/opt/rh/devtoolset-3/root/usr/share/man --infodir=/opt/rh/devtoolset-3/root/usr/share/info --with-bugurl=http://bugzilla.redhat.com/bugzilla --enable-bootstrap --enable-shared --enable-threads=posix --enable-checking=release --enable-multilib --with-system-zlib --enable-__cxa_atexit --disable-libunwind-exceptions --enable-gnu-unique-object --enable-linker-build-id --enable-languages=c,c++,fortran,lto --enable-plugin --with-linker-hash-style=gnu --enable-initfini-array --disable-libgcj --with-isl=/builddir/build/BUILD/gcc-4.9.2-20150212/obj-x86_64-redhat-linux/isl-install --with-cloog=/builddir/build/BUILD/gcc-4.9.2-20150212/obj-x86_64-redhat-linux/cloog-install --with-mpc=/builddir/build/BUILD/gcc-4.9.2-20150212/obj-x86_64-redhat-linux/mpc-install --with-tune=generic --with-arch_32=i686 --build=x86_64-redhat-linux
Thread model: posix
gcc version 4.9.2 20150212 (Red Hat 4.9.2-6) (GCC) 
configure:2078: $? = 0
configure:2085: gcc -V >&5
gcc: error: unrecognized command line option '-V'
gcc: fatal error: no input files
compilation terminated.
configure:2089: $? = 4
configure:2112: checking for C compiler default output file name
configure:2134: gcc    conftest.c  >&5
configure:2138: $? = 0
configure:2176: result: a.out
configure:2195: checking whether the C compiler works
configure:2205: ./a.out
configure:2209: $? = 0
configure:2228: result: yes
configure:2235: checking whether we are cross compiling
configure:2237: result: no
configure:2240: checking for suffix of executables
configure:2247: gcc -o conftest    conftest.c  >&5
configure:2251: $? = 0
configure:2277: result: 
configure:2283: checking for suffix of object files
configure:2309: gcc -c   conftest.c >&5
configure:2313: $? = 0
configure:2338: result: o
configure:2342: checking whether we are using the GNU C compiler
configure:2371: gcc -c   conftest.c >&5
configure:2378: $? = 0
configure:2395: result: yes
configure:2404: checking whether gcc accepts -g
configure:2434: gcc -c -g  conftest.c >&5
configure:2441: $? = 0
configure:2542: result: yes
configure:2559: checking for gcc option to accept ISO C89
configure:2633: gcc  -c -g -O2  conftest.c >&5
configure:2640: $? = 0
configure:2663: result: none needed
configure:2687: checking for create_arib_std_b25 in -larib25
configure:2722: gcc -o conftest -g -O2   conftest.c -larib25 -lpcsclite  >&5
/opt/rh/devtoolset-3/root/usr/libexec/gcc/x86_64-redhat-linux/4.9.2/ld: cannot find -lpcsclite
collect2: error: ld returned 1 exit status
configure:2729: $? = 1
configure: failed program was:
| /* confdefs.h.  */
| #define PACKAGE_NAME "recpt1"
| #define PACKAGE_TARNAME "recpt1"
| #define PACKAGE_VERSION "1.2.0"
| #define PACKAGE_STRING "recpt1 1.2.0"
| #define PACKAGE_BUGREPORT "yaz@honeyplanet.jp"
| /* end confdefs.h.  */
| 
| /* Override any GCC internal prototype to avoid an error.
|    Use char because int might match the return type of a GCC
|    builtin and then its argument prototype would still apply.  */
| #ifdef __cplusplus
| extern "C"
| #endif
| char create_arib_std_b25 ();
| int
| main ()
| {
| return create_arib_std_b25 ();
|   ;
|   return 0;
| }
configure:2750: result: no
configure:2760: WARNING: libarib25 is not available.
configure:2770: checking for log10 in -lm
configure:2805: gcc -o conftest -g -O2   conftest.c -lm   >&5
conftest.c:15:6: warning: conflicting types for built-in function 'log10'
 char log10 ();
      ^
configure:2812: $? = 0
configure:2833: result: yes
configure:2845: checking for pthread_kill in -lpthread
configure:2880: gcc -o conftest -g -O2   conftest.c -lpthread  -lm  >&5
configure:2887: $? = 0
configure:2908: result: yes
configure:3024: creating ./config.status

## ---------------------- ##
## Running config.status. ##
## ---------------------- ##

This file was extended by recpt1 config.status 1.2.0, which was
generated by GNU Autoconf 2.63.  Invocation command line was

  CONFIG_FILES    = 
  CONFIG_HEADERS  = 
  CONFIG_LINKS    = 
  CONFIG_COMMANDS = 
  $ ./config.status 

on foltia.local

config.status:710: creating Makefile
config.status:710: creating config.h

## ---------------- ##
## Cache variables. ##
## ---------------- ##

ac_cv_c_compiler_gnu=yes
ac_cv_env_CC_set=
ac_cv_env_CC_value=
ac_cv_env_CFLAGS_set=
ac_cv_env_CFLAGS_value=
ac_cv_env_CPPFLAGS_set=
ac_cv_env_CPPFLAGS_value=
ac_cv_env_LDFLAGS_set=
ac_cv_env_LDFLAGS_value=
ac_cv_env_LIBS_set=
ac_cv_env_LIBS_value=
ac_cv_env_build_alias_set=
ac_cv_env_build_alias_value=
ac_cv_env_host_alias_set=
ac_cv_env_host_alias_value=
ac_cv_env_target_alias_set=
ac_cv_env_target_alias_value=
ac_cv_lib_arib25_create_arib_std_b25=no
ac_cv_lib_m_log10=yes
ac_cv_lib_pthread_pthread_kill=yes
ac_cv_objext=o
ac_cv_prog_ac_ct_CC=gcc
ac_cv_prog_cc_c89=
ac_cv_prog_cc_g=yes

## ----------------- ##
## Output variables. ##
## ----------------- ##

CC='gcc'
CFLAGS='-g -O2'
CPPFLAGS=''
DEFS='-DHAVE_CONFIG_H'
ECHO_C=''
ECHO_N='-n'
ECHO_T=''
EXEEXT=''
LDFLAGS=''
LIBOBJS=''
LIBS='-lpthread -lm '
LTLIBOBJS=''
OBJEXT='o'
PACKAGE_BUGREPORT='yaz@honeyplanet.jp'
PACKAGE_NAME='recpt1'
PACKAGE_STRING='recpt1 1.2.0'
PACKAGE_TARNAME='recpt1'
PACKAGE_VERSION='1.2.0'
PATH_SEPARATOR=':'
SHELL='/bin/sh'
ac_ct_CC='gcc'
bindir='${exec_prefix}/bin'
build_alias=''
datadir='${datarootdir}'
datarootdir='${prefix}/share'
docdir='${datarootdir}/doc/${PACKAGE_TARNAME}'
dvidir='${docdir}'
exec_prefix='${prefix}'
host_alias=''
htmldir='${docdir}'
includedir='${prefix}/include'
infodir='${datarootdir}/info'
libdir='${exec_prefix}/lib'
libexecdir='${exec_prefix}/libexec'
localedir='${datarootdir}/locale'
localstatedir='${prefix}/var'
mandir='${datarootdir}/man'
oldincludedir='/usr/include'
pdfdir='${docdir}'
prefix='/usr/local'
program_transform_name='s,x,x,'
psdir='${docdir}'
sbindir='${exec_prefix}/sbin'
sharedstatedir='${prefix}/com'
sysconfdir='${prefix}/etc'
target_alias=''

## ----------- ##
## confdefs.h. ##
## ----------- ##

#define PACKAGE_NAME "recpt1"
#define PACKAGE_TARNAME "recpt1"
#define PACKAGE_VERSION "1.2.0"
#define PACKAGE_STRING "recpt1 1.2.0"
#define PACKAGE_BUGREPORT "yaz@honeyplanet.jp"
#define HAVE_LIBM 1
#define HAVE_LIBPTHREAD 1

configure: exit 0
